
=INFO REPORT==== 16-Jul-2018::16:30:21 ===
Starting RabbitMQ 3.1.5 on Erlang R14B04
Copyright (C) 2007-2013 GoPivotal, Inc.
Licensed under the MPL.  See http://www.rabbitmq.com/

=INFO REPORT==== 16-Jul-2018::16:30:21 ===
node           : rabbit@quickstart
home dir       : /var/lib/rabbitmq
config file(s) : (none)
cookie hash    : e9ZJ3eWZ9ccs2WLFTvElVA==
log            : /var/log/rabbitmq/rabbit@quickstart.log
sasl log       : /var/log/rabbitmq/rabbit@quickstart-sasl.log
database dir   : /var/lib/rabbitmq/mnesia/rabbit@quickstart

=INFO REPORT==== 16-Jul-2018::16:30:21 ===
Limiting to approx 32668 file handles (29399 sockets)

=INFO REPORT==== 16-Jul-2018::16:30:22 ===
Memory limit set to 3904MB of 9760MB total.

=INFO REPORT==== 16-Jul-2018::16:30:22 ===
Disk free limit set to 1000MB

=INFO REPORT==== 16-Jul-2018::16:30:22 ===
Adding vhost '/'

=INFO REPORT==== 16-Jul-2018::16:30:22 ===
Creating user 'guest'

=INFO REPORT==== 16-Jul-2018::16:30:22 ===
Setting user tags for user 'guest' to [administrator]

=INFO REPORT==== 16-Jul-2018::16:30:22 ===
Setting permissions for 'guest' in '/' to '.*', '.*', '.*'

=INFO REPORT==== 16-Jul-2018::16:30:22 ===
msg_store_transient: using rabbit_msg_store_ets_index to provide index

=INFO REPORT==== 16-Jul-2018::16:30:22 ===
msg_store_persistent: using rabbit_msg_store_ets_index to provide index

=WARNING REPORT==== 16-Jul-2018::16:30:22 ===
msg_store_persistent: rebuilding indices from scratch

=INFO REPORT==== 16-Jul-2018::16:30:22 ===
started TCP Listener on 0.0.0.0:5672

=INFO REPORT==== 16-Jul-2018::16:30:22 ===
Server startup complete; 0 plugins started.

=INFO REPORT==== 16-Jul-2018::16:30:22 ===
accepting AMQP connection <0.278.0> (127.0.0.1:37001 -> 127.0.0.1:5672)

=INFO REPORT==== 16-Jul-2018::16:30:22 ===
accepting AMQP connection <0.284.0> (127.0.0.1:37002 -> 127.0.0.1:5672)

=INFO REPORT==== 16-Jul-2018::16:43:50 ===
Starting RabbitMQ 3.1.5 on Erlang R14B04
Copyright (C) 2007-2013 GoPivotal, Inc.
Licensed under the MPL.  See http://www.rabbitmq.com/

=INFO REPORT==== 16-Jul-2018::16:43:50 ===
node           : rabbit@quickstart
home dir       : /var/lib/rabbitmq
config file(s) : (none)
cookie hash    : e9ZJ3eWZ9ccs2WLFTvElVA==
log            : /var/log/rabbitmq/rabbit@quickstart.log
sasl log       : /var/log/rabbitmq/rabbit@quickstart-sasl.log
database dir   : /var/lib/rabbitmq/mnesia/rabbit@quickstart

=INFO REPORT==== 16-Jul-2018::16:43:51 ===
Limiting to approx 32668 file handles (29399 sockets)

=INFO REPORT==== 16-Jul-2018::16:43:51 ===
Memory limit set to 3904MB of 9760MB total.

=INFO REPORT==== 16-Jul-2018::16:43:51 ===
Disk free limit set to 1000MB

=INFO REPORT==== 16-Jul-2018::16:43:51 ===
msg_store_transient: using rabbit_msg_store_ets_index to provide index

=INFO REPORT==== 16-Jul-2018::16:43:51 ===
msg_store_persistent: using rabbit_msg_store_ets_index to provide index

=WARNING REPORT==== 16-Jul-2018::16:43:51 ===
msg_store_persistent: rebuilding indices from scratch

=INFO REPORT==== 16-Jul-2018::16:43:51 ===
started TCP Listener on 0.0.0.0:5672

=INFO REPORT==== 16-Jul-2018::16:43:51 ===
Server startup complete; 0 plugins started.

=INFO REPORT==== 16-Jul-2018::16:43:55 ===
accepting AMQP connection <0.224.0> (127.0.0.1:42879 -> 127.0.0.1:5672)

=INFO REPORT==== 16-Jul-2018::16:43:55 ===
accepting AMQP connection <0.230.0> (127.0.0.1:42880 -> 127.0.0.1:5672)

=INFO REPORT==== 3-Aug-2018::10:49:08 ===
Starting RabbitMQ 3.1.5 on Erlang R14B04
Copyright (C) 2007-2013 GoPivotal, Inc.
Licensed under the MPL.  See http://www.rabbitmq.com/

=INFO REPORT==== 3-Aug-2018::10:49:08 ===
node           : rabbit@quickstart
home dir       : /var/lib/rabbitmq
config file(s) : (none)
cookie hash    : e9ZJ3eWZ9ccs2WLFTvElVA==
log            : /var/log/rabbitmq/rabbit@quickstart.log
sasl log       : /var/log/rabbitmq/rabbit@quickstart-sasl.log
database dir   : /var/lib/rabbitmq/mnesia/rabbit@quickstart

=INFO REPORT==== 3-Aug-2018::10:49:08 ===
Limiting to approx 32668 file handles (29399 sockets)

=INFO REPORT==== 3-Aug-2018::10:49:08 ===
Memory limit set to 3904MB of 9760MB total.

=INFO REPORT==== 3-Aug-2018::10:49:08 ===
Disk free limit set to 1000MB

=INFO REPORT==== 3-Aug-2018::10:49:08 ===
msg_store_transient: using rabbit_msg_store_ets_index to provide index

=INFO REPORT==== 3-Aug-2018::10:49:08 ===
msg_store_persistent: using rabbit_msg_store_ets_index to provide index

=WARNING REPORT==== 3-Aug-2018::10:49:08 ===
msg_store_persistent: rebuilding indices from scratch

=INFO REPORT==== 3-Aug-2018::10:49:09 ===
started TCP Listener on 0.0.0.0:5672

=INFO REPORT==== 3-Aug-2018::10:49:09 ===
Server startup complete; 0 plugins started.

=INFO REPORT==== 3-Aug-2018::10:49:12 ===
accepting AMQP connection <0.206.0> (127.0.0.1:48678 -> 127.0.0.1:5672)

=INFO REPORT==== 3-Aug-2018::10:49:12 ===
accepting AMQP connection <0.212.0> (127.0.0.1:48679 -> 127.0.0.1:5672)

=INFO REPORT==== 3-Aug-2018::15:12:27 ===
Starting RabbitMQ 3.1.5 on Erlang R14B04
Copyright (C) 2007-2013 GoPivotal, Inc.
Licensed under the MPL.  See http://www.rabbitmq.com/

=INFO REPORT==== 3-Aug-2018::15:12:27 ===
node           : rabbit@quickstart
home dir       : /var/lib/rabbitmq
config file(s) : (none)
cookie hash    : e9ZJ3eWZ9ccs2WLFTvElVA==
log            : /var/log/rabbitmq/rabbit@quickstart.log
sasl log       : /var/log/rabbitmq/rabbit@quickstart-sasl.log
database dir   : /var/lib/rabbitmq/mnesia/rabbit@quickstart

=INFO REPORT==== 3-Aug-2018::15:12:28 ===
Limiting to approx 32668 file handles (29399 sockets)

=INFO REPORT==== 3-Aug-2018::15:12:28 ===
Memory limit set to 3904MB of 9760MB total.

=INFO REPORT==== 3-Aug-2018::15:12:28 ===
Disk free limit set to 1000MB

=INFO REPORT==== 3-Aug-2018::15:12:28 ===
msg_store_transient: using rabbit_msg_store_ets_index to provide index

=INFO REPORT==== 3-Aug-2018::15:12:28 ===
msg_store_persistent: using rabbit_msg_store_ets_index to provide index

=WARNING REPORT==== 3-Aug-2018::15:12:28 ===
msg_store_persistent: rebuilding indices from scratch

=INFO REPORT==== 3-Aug-2018::15:12:28 ===
started TCP Listener on 0.0.0.0:5672

=INFO REPORT==== 3-Aug-2018::15:12:28 ===
Server startup complete; 0 plugins started.

=INFO REPORT==== 3-Aug-2018::15:12:31 ===
accepting AMQP connection <0.204.0> (127.0.0.1:57073 -> 127.0.0.1:5672)

=INFO REPORT==== 3-Aug-2018::15:12:31 ===
accepting AMQP connection <0.210.0> (127.0.0.1:57074 -> 127.0.0.1:5672)

=INFO REPORT==== 5-Aug-2018::08:34:50 ===
Starting RabbitMQ 3.1.5 on Erlang R14B04
Copyright (C) 2007-2013 GoPivotal, Inc.
Licensed under the MPL.  See http://www.rabbitmq.com/

=INFO REPORT==== 5-Aug-2018::08:34:50 ===
node           : rabbit@quickstart
home dir       : /var/lib/rabbitmq
config file(s) : (none)
cookie hash    : e9ZJ3eWZ9ccs2WLFTvElVA==
log            : /var/log/rabbitmq/rabbit@quickstart.log
sasl log       : /var/log/rabbitmq/rabbit@quickstart-sasl.log
database dir   : /var/lib/rabbitmq/mnesia/rabbit@quickstart

=INFO REPORT==== 5-Aug-2018::08:34:50 ===
Limiting to approx 32668 file handles (29399 sockets)

=INFO REPORT==== 5-Aug-2018::08:34:50 ===
Memory limit set to 3904MB of 9760MB total.

=INFO REPORT==== 5-Aug-2018::08:34:50 ===
Disk free limit set to 1000MB

=INFO REPORT==== 5-Aug-2018::08:34:50 ===
msg_store_transient: using rabbit_msg_store_ets_index to provide index

=INFO REPORT==== 5-Aug-2018::08:34:50 ===
msg_store_persistent: using rabbit_msg_store_ets_index to provide index

=WARNING REPORT==== 5-Aug-2018::08:34:50 ===
msg_store_persistent: rebuilding indices from scratch

=INFO REPORT==== 5-Aug-2018::08:34:50 ===
started TCP Listener on 0.0.0.0:5672

=INFO REPORT==== 5-Aug-2018::08:34:50 ===
Server startup complete; 0 plugins started.

=INFO REPORT==== 5-Aug-2018::08:35:21 ===
accepting AMQP connection <0.207.0> (127.0.0.1:60687 -> 127.0.0.1:5672)

=INFO REPORT==== 5-Aug-2018::08:35:21 ===
accepting AMQP connection <0.213.0> (127.0.0.1:60688 -> 127.0.0.1:5672)

=INFO REPORT==== 5-Aug-2018::08:48:58 ===
Starting RabbitMQ 3.1.5 on Erlang R14B04
Copyright (C) 2007-2013 GoPivotal, Inc.
Licensed under the MPL.  See http://www.rabbitmq.com/

=INFO REPORT==== 5-Aug-2018::08:48:58 ===
node           : rabbit@quickstart
home dir       : /var/lib/rabbitmq
config file(s) : (none)
cookie hash    : e9ZJ3eWZ9ccs2WLFTvElVA==
log            : /var/log/rabbitmq/rabbit@quickstart.log
sasl log       : /var/log/rabbitmq/rabbit@quickstart-sasl.log
database dir   : /var/lib/rabbitmq/mnesia/rabbit@quickstart

=INFO REPORT==== 5-Aug-2018::08:48:58 ===
Limiting to approx 924 file handles (829 sockets)

=INFO REPORT==== 5-Aug-2018::08:48:58 ===
Memory limit set to 3904MB of 9760MB total.

=INFO REPORT==== 5-Aug-2018::08:48:58 ===
Disk free limit set to 1000MB

=INFO REPORT==== 5-Aug-2018::08:48:58 ===
msg_store_transient: using rabbit_msg_store_ets_index to provide index

=INFO REPORT==== 5-Aug-2018::08:48:58 ===
msg_store_persistent: using rabbit_msg_store_ets_index to provide index

=WARNING REPORT==== 5-Aug-2018::08:48:58 ===
msg_store_persistent: rebuilding indices from scratch

=INFO REPORT==== 5-Aug-2018::08:48:58 ===
started TCP Listener on 0.0.0.0:5672

=INFO REPORT==== 5-Aug-2018::08:48:58 ===
Server startup complete; 0 plugins started.

=INFO REPORT==== 5-Aug-2018::08:49:00 ===
accepting AMQP connection <0.204.0> (127.0.0.1:60875 -> 127.0.0.1:5672)

=INFO REPORT==== 5-Aug-2018::08:49:00 ===
accepting AMQP connection <0.210.0> (127.0.0.1:60876 -> 127.0.0.1:5672)

=INFO REPORT==== 5-Aug-2018::09:55:47 ===
Starting RabbitMQ 3.1.5 on Erlang R14B04
Copyright (C) 2007-2013 GoPivotal, Inc.
Licensed under the MPL.  See http://www.rabbitmq.com/

=INFO REPORT==== 5-Aug-2018::09:55:47 ===
node           : rabbit@quickstart
home dir       : /var/lib/rabbitmq
config file(s) : (none)
cookie hash    : e9ZJ3eWZ9ccs2WLFTvElVA==
log            : /var/log/rabbitmq/rabbit@quickstart.log
sasl log       : /var/log/rabbitmq/rabbit@quickstart-sasl.log
database dir   : /var/lib/rabbitmq/mnesia/rabbit@quickstart

=INFO REPORT==== 5-Aug-2018::09:55:47 ===
Limiting to approx 32668 file handles (29399 sockets)

=INFO REPORT==== 5-Aug-2018::09:55:47 ===
Memory limit set to 3904MB of 9760MB total.

=INFO REPORT==== 5-Aug-2018::09:55:47 ===
Disk free limit set to 1000MB

=INFO REPORT==== 5-Aug-2018::09:55:47 ===
msg_store_transient: using rabbit_msg_store_ets_index to provide index

=INFO REPORT==== 5-Aug-2018::09:55:47 ===
msg_store_persistent: using rabbit_msg_store_ets_index to provide index

=WARNING REPORT==== 5-Aug-2018::09:55:47 ===
msg_store_persistent: rebuilding indices from scratch

=INFO REPORT==== 5-Aug-2018::09:55:47 ===
started TCP Listener on 0.0.0.0:5672

=INFO REPORT==== 5-Aug-2018::09:55:47 ===
Server startup complete; 0 plugins started.

=INFO REPORT==== 5-Aug-2018::09:55:56 ===
accepting AMQP connection <0.206.0> (127.0.0.1:32768 -> 127.0.0.1:5672)

=INFO REPORT==== 5-Aug-2018::09:55:56 ===
accepting AMQP connection <0.212.0> (127.0.0.1:32769 -> 127.0.0.1:5672)
